{"message":"Unauthorized request to path: /","level":"error"}
{"message":"Unauthorized request to path: /","level":"error"}
{"message":"Unauthorized request to path: /","level":"error"}
{"message":"Unauthorized request to path: /","level":"error"}
{"message":"Unauthorized request to path: /","level":"error"}
{"message":"Unauthorized request to path: /","level":"error"}
{"message":"Bookmark with id be1e1947-5945-465d-b575-2d79eed2b7e2 created","level":"info"}
{"message":"Title is required","level":"error"}
{"message":"URL is required","level":"error"}
{"message":"Description is required","level":"error"}
{"message":"Rating is required","level":"error"}
{"message":"Rating must be between 1 and 5","level":"error"}
{"message":"Rating must be between 1 and 5","level":"error"}
{"message":"Rating must be between 1 and 5","level":"error"}
{"message":"Bookmark with id bf35ddb0-c2ca-4cb6-985f-d2330d4a279d created","level":"info"}
{"message":"Bookmark with id 64fd69c7-28ce-46b1-81ed-a0ca8d6cd679 created","level":"info"}
{"message":"Bookmark with id be1e1947-5945-465d-b575-2d79eed2b7e2 not found.","level":"error"}
{"message":"Bookmark with id be1e1947-5945-465d-b575-2d79eed2b7e2 not found","level":"error"}
{"message":"Bookmark with id 1 was deleted","level":"info"}
{"message":"Bookmark with id 6 not found","level":"error"}
{"message":"Bookmark with id 6 not found.","level":"error"}
